Starting QAQC model training
Arguments: Namespace(csv_path='/root/QAQC/train.csv', output_dir='results', sample_limit=100, target_duration=6.0)
Loading data from /root/QAQC/train.csv
Loaded 151 records
QAQC label distribution:
  ok: 47
  good: 34
  bad: 34
  very good: 25
  very bad: 11
Processing limited sample of 100 records
Extracting features from audio files...
File not found: /Users/mmd/Desktop/Lhai/Data/OpenSource Data/CIRCOR/training_data/training_data/68363_AV.wav
File not found: /Users/mmd/Desktop/Lhai/Data/OpenSource Data/CIRCOR/training_data/training_data/84864_PV.wav
File not found: /Users/mmd/Desktop/Lhai/Data/OpenSource Data/CIRCOR/training_data/training_data/69079_AV.wav
File not found: /Users/mmd/Desktop/Lhai/Data/OpenSource Data/CIRCOR/training_data/training_data/84693_MV.wav
File not found: /Users/mmd/Desktop/Lhai/Data/OpenSource Data/CIRCOR/training_data/training_data/84863_AV.wav
File not found: /Users/mmd/Desktop/Lhai/Data/OpenSource Data/CIRCOR/training_data/training_data/68560_AV.wav
File not found: /Users/mmd/Desktop/Lhai/Data/OpenSource Data/CIRCOR/training_data/training_data/84714_TV.wav
File not found: /Users/mmd/Desktop/Lhai/Data/OpenSource Data/CIRCOR/training_data/training_data/85133_PV.wav
File not found: /Users/mmd/Desktop/Lhai/Data/OpenSource Data/CIRCOR/training_data/training_data/64256_TV.wav
File not found: /Users/mmd/Desktop/Lhai/Data/OpenSource Data/CIRCOR/training_data/training_data/68708_AV.wav
File not found: /Users/mmd/Desktop/Lhai/Data/OpenSource Data/CIRCOR/training_data/training_data/50136_MV.wav
File not found: /Users/mmd/Desktop/Lhai/Data/OpenSource Data/CIRCOR/training_data/training_data/51064_MV.wav
File not found: /Users/mmd/Desktop/Lhai/Data/OpenSource Data/CIRCOR/training_data/training_data/50209_PV.wav
File not found: /Users/mmd/Desktop/Lhai/Data/OpenSource Data/CIRCOR/training_data/training_data/50115_PV_1.wav
File not found: /Users/mmd/Desktop/Lhai/Data/OpenSource Data/CIRCOR/training_data/training_data/85024_AV.wav
File not found: /Users/mmd/Desktop/Lhai/Data/OpenSource Data/CIRCOR/training_data/training_data/68456_AV.wav
File not found: /Users/mmd/Desktop/Lhai/Data/OpenSource Data/CIRCOR/training_data/training_data/49994_PV.wav
File not found: /Users/mmd/Desktop/Lhai/Data/OpenSource Data/CIRCOR/training_data/training_data/69147_PV.wav
File not found: /Users/mmd/Desktop/Lhai/Data/OpenSource Data/CIRCOR/training_data/training_data/84690_MV.wav
File not found: /Users/mmd/Desktop/Lhai/Data/OpenSource Data/CIRCOR/training_data/training_data/76240_AV.wav
File not found: /Users/mmd/Desktop/Lhai/Data/OpenSource Data/CIRCOR/training_data/training_data/49966_MV.wav
File not found: /Users/mmd/Desktop/Lhai/Data/OpenSource Data/CIRCOR/training_data/training_data/73497_AV.wav
File not found: /Users/mmd/Desktop/Lhai/Data/OpenSource Data/CIRCOR/training_data/training_data/84854_AV.wav
File not found: /Users/mmd/Desktop/Lhai/Data/OpenSource Data/CIRCOR/training_data/training_data/85031_AV.wav
File not found: /Users/mmd/Desktop/Lhai/Data/OpenSource Data/CIRCOR/training_data/training_data/49821_MV.wav
File not found: /Users/mmd/Desktop/Lhai/Data/OpenSource Data/CIRCOR/training_data/training_data/84692_PV.wav
File not found: /Users/mmd/Desktop/Lhai/Data/OpenSource Data/CIRCOR/training_data/training_data/50233_TV.wav
File not found: /Users/mmd/Desktop/Lhai/Data/OpenSource Data/CIRCOR/training_data/training_data/85261_MV.wav
File not found: /Users/mmd/Desktop/Lhai/Data/OpenSource Data/CIRCOR/training_data/training_data/84834_TV.wav
File not found: /Users/mmd/Desktop/Lhai/Data/OpenSource Data/CIRCOR/training_data/training_data/68379_AV.wav
File not found: /Users/mmd/Desktop/Lhai/Data/OpenSource Data/CIRCOR/training_data/training_data/84718_TV.wav
File not found: /Users/mmd/Desktop/Lhai/Data/OpenSource Data/CIRCOR/training_data/training_data/50099_MV.wav
File not found: /Users/mmd/Desktop/Lhai/Data/OpenSource Data/CIRCOR/training_data/training_data/50331_PV.wav
File not found: /Users/mmd/Desktop/Lhai/Data/OpenSource Data/CIRCOR/training_data/training_data/49627_MV.wav
File not found: /Users/mmd/Desktop/Lhai/Data/OpenSource Data/CIRCOR/training_data/training_data/49897_TV.wav
File not found: /Users/mmd/Desktop/Lhai/Data/OpenSource Data/CIRCOR/training_data/training_data/49628_TV.wav
File not found: /Users/mmd/Desktop/Lhai/Data/OpenSource Data/CIRCOR/training_data/training_data/85198_TV.wav
File not found: /Users/mmd/Desktop/Lhai/Data/OpenSource Data/CIRCOR/training_data/training_data/85087_AV.wav
File not found: /Users/mmd/Desktop/Lhai/Data/OpenSource Data/CIRCOR/training_data/training_data/85172_TV.wav
File not found: /Users/mmd/Desktop/Lhai/Data/OpenSource Data/CIRCOR/training_data/training_data/9979_TV.wav
File not found: /Users/mmd/Desktop/Lhai/Data/OpenSource Data/physionet2016/training-a/a0099.wav
File not found: /Users/mmd/Desktop/Lhai/Data/OpenSource Data/physionet2016/training-a/a0142.wav
File not found: /Users/mmd/Desktop/Lhai/Data/OpenSource Data/physionet2016/training-a/a0213.wav
File not found: /Users/mmd/Desktop/Lhai/Data/OpenSource Data/physionet2016/training-a/a0251.wav
File not found: /Users/mmd/Desktop/Lhai/Data/OpenSource Data/physionet2016/training-a/a0331.wav
File not found: /Users/mmd/Desktop/Lhai/Data/OpenSource Data/physionet2016/training-a/a0368.wav
File not found: /Users/mmd/Desktop/Lhai/Data/OpenSource Data/physionet2016/training-a/a0400.wav
File not found: /Users/mmd/Desktop/Lhai/Data/OpenSource Data/physionet2016/training-b/b0008.wav
File not found: /Users/mmd/Desktop/Lhai/Data/OpenSource Data/physionet2016/training-b/b0018.wav
File not found: /Users/mmd/Desktop/Lhai/Data/OpenSource Data/physionet2016/training-b/b0030.wav
Processed 50/100 files
File not found: /Users/mmd/Desktop/Lhai/Data/OpenSource Data/physionet2016/training-b/b0086.wav
File not found: /Users/mmd/Desktop/Lhai/Data/OpenSource Data/physionet2016/training-b/b0140.wav
File not found: /Users/mmd/Desktop/Lhai/Data/OpenSource Data/physionet2016/training-b/b0148.wav
File not found: /Users/mmd/Desktop/Lhai/Data/OpenSource Data/physionet2016/training-b/b0155.wav
File not found: /Users/mmd/Desktop/Lhai/Data/OpenSource Data/physionet2016/training-b/b0164.wav
File not found: /Users/mmd/Desktop/Lhai/Data/OpenSource Data/physionet2016/training-b/b0171.wav
File not found: /Users/mmd/Desktop/Lhai/Data/OpenSource Data/physionet2016/training-b/b0176.wav
File not found: /Users/mmd/Desktop/Lhai/Data/OpenSource Data/physionet2016/training-b/b0197.wav
File not found: /Users/mmd/Desktop/Lhai/Data/OpenSource Data/physionet2016/training-b/b0208.wav
File not found: /Users/mmd/Desktop/Lhai/Data/OpenSource Data/physionet2016/training-b/b0233.wav
File not found: /Users/mmd/Desktop/Lhai/Data/OpenSource Data/physionet2016/training-b/b0238.wav
File not found: /Users/mmd/Desktop/Lhai/Data/OpenSource Data/physionet2016/training-b/b0239.wav
File not found: /Users/mmd/Desktop/Lhai/Data/OpenSource Data/physionet2016/training-b/b0251.wav
File not found: /Users/mmd/Desktop/Lhai/Data/OpenSource Data/physionet2016/training-b/b0253.wav
File not found: /Users/mmd/Desktop/Lhai/Data/OpenSource Data/physionet2016/training-b/b0257.wav
File not found: /Users/mmd/Desktop/Lhai/Data/OpenSource Data/physionet2016/training-b/b0263.wav
File not found: /Users/mmd/Desktop/Lhai/Data/OpenSource Data/physionet2016/training-b/b0265.wav
File not found: /Users/mmd/Desktop/Lhai/Data/OpenSource Data/physionet2016/training-b/b0279.wav
File not found: /Users/mmd/Desktop/Lhai/Data/OpenSource Data/physionet2016/training-b/b0280.wav
File not found: /Users/mmd/Desktop/Lhai/Data/OpenSource Data/physionet2016/training-b/b0299.wav
File not found: /Users/mmd/Desktop/Lhai/Data/OpenSource Data/physionet2016/training-b/b0327.wav
File not found: /Users/mmd/Desktop/Lhai/Data/OpenSource Data/physionet2016/training-b/b0344.wav
File not found: /Users/mmd/Desktop/Lhai/Data/OpenSource Data/physionet2016/training-b/b0349.wav
File not found: /Users/mmd/Desktop/Lhai/Data/OpenSource Data/physionet2016/training-b/b0367.wav
File not found: /Users/mmd/Desktop/Lhai/Data/OpenSource Data/physionet2016/training-b/b0384.wav
File not found: /Users/mmd/Desktop/Lhai/Data/OpenSource Data/physionet2016/training-b/b0395.wav
File not found: /Users/mmd/Desktop/Lhai/Data/OpenSource Data/physionet2016/training-b/b0422.wav
File not found: /Users/mmd/Desktop/Lhai/Data/OpenSource Data/physionet2016/training-b/b0427.wav
File not found: /Users/mmd/Desktop/Lhai/Data/OpenSource Data/physionet2016/training-b/b0428.wav
File not found: /Users/mmd/Desktop/Lhai/Data/OpenSource Data/physionet2016/training-b/b0436.wav
File not found: /Users/mmd/Desktop/Lhai/Data/OpenSource Data/physionet2016/training-b/b0437.wav
File not found: /Users/mmd/Desktop/Lhai/Data/OpenSource Data/physionet2016/training-b/b0455.wav
File not found: /Users/mmd/Desktop/Lhai/Data/OpenSource Data/physionet2016/training-b/b0465.wav
File not found: /Users/mmd/Desktop/Lhai/Data/OpenSource Data/physionet2016/training-b/b0471.wav
File not found: /Users/mmd/Desktop/Lhai/Data/OpenSource Data/physionet2016/training-c/c0001.wav
File not found: /Users/mmd/Desktop/Lhai/Data/OpenSource Data/physionet2016/training-c/c0002.wav
File not found: /Users/mmd/Desktop/Lhai/Data/OpenSource Data/physionet2016/training-c/c0004.wav
File not found: /Users/mmd/Desktop/Lhai/Data/OpenSource Data/physionet2016/training-c/c0008.wav
File not found: /Users/mmd/Desktop/Lhai/Data/OpenSource Data/physionet2016/training-c/c0009.wav
File not found: /Users/mmd/Desktop/Lhai/Data/OpenSource Data/physionet2016/training-c/c0010.wav
File not found: /Users/mmd/Desktop/Lhai/Data/OpenSource Data/physionet2016/training-c/c0012.wav
File not found: /Users/mmd/Desktop/Lhai/Data/OpenSource Data/physionet2016/training-c/c0013.wav
File not found: /Users/mmd/Desktop/Lhai/Data/OpenSource Data/physionet2016/training-c/c0014.wav
File not found: /Users/mmd/Desktop/Lhai/Data/OpenSource Data/physionet2016/training-c/c0015.wav
File not found: /Users/mmd/Desktop/Lhai/Data/OpenSource Data/physionet2016/training-c/c0017.wav
File not found: /Users/mmd/Desktop/Lhai/Data/OpenSource Data/physionet2016/training-c/c0018.wav
File not found: /Users/mmd/Desktop/Lhai/Data/OpenSource Data/physionet2016/training-c/c0019.wav
File not found: /Users/mmd/Desktop/Lhai/Data/OpenSource Data/physionet2016/training-c/c0020.wav
File not found: /Users/mmd/Desktop/Lhai/Data/OpenSource Data/physionet2016/training-c/c0021.wav
File not found: /Users/mmd/Desktop/Lhai/Data/OpenSource Data/physionet2016/training-c/c0023.wav
Processed 100/100 files
Feature extraction complete. Shape: (100, 73)
Using 0 valid samples for training
Training failed: Not enough valid samples for training
